<?xml version="1.0" encoding="UTF-8"?>
<!-- Generated by org.testng.reporters.JUnitReportReporter -->
<testsuite hostname="Rohiths-HP-Pavilion" failures="0" tests="1" name="testCaseHospitalSearch.AllFiltersFunctionalityCheck" time="13.221" errors="0" timestamp="2021-05-23T19:35:39 IST" skipped="0">
  <testcase classname="testCaseHospitalSearch.AllFiltersFunctionalityCheck" name="allFiltersFunctionality" time="13.221"/>
  <system-out/>
</testsuite> <!-- testCaseHospitalSearch.AllFiltersFunctionalityCheck -->
