<?xml version="1.0" encoding="UTF-8"?>
<!-- Generated by org.testng.reporters.JUnitReportReporter -->
<testsuite hostname="Rohiths-HP-Pavilion" failures="0" tests="1" name="testCaseCorporateWellnessPage.SelectCorporateWellnessOptionTest" time="8.576" errors="0" timestamp="2021-05-23T19:35:39 IST" skipped="0">
  <testcase classname="testCaseCorporateWellnessPage.SelectCorporateWellnessOptionTest" name="corporateWellnessFunctionalityTest" time="8.576"/>
  <system-out/>
</testsuite> <!-- testCaseCorporateWellnessPage.SelectCorporateWellnessOptionTest -->
