<?xml version="1.0" encoding="UTF-8"?>
<!-- Generated by org.testng.reporters.JUnitReportReporter -->
<testsuite hostname="Rohiths-HP-Pavilion" failures="0" tests="1" name="testCaseDiagnosticsPage.DiagnosticsPageSearchBoxClickTest" time="9.108" errors="0" timestamp="2021-05-23T19:35:39 IST" skipped="0">
  <testcase classname="testCaseDiagnosticsPage.DiagnosticsPageSearchBoxClickTest" name="selectCitySearchBoxClickTest" time="9.108"/>
  <system-out/>
</testsuite> <!-- testCaseDiagnosticsPage.DiagnosticsPageSearchBoxClickTest -->
