<?xml version="1.0" encoding="UTF-8"?>
<!-- Generated by org.testng.reporters.JUnitReportReporter -->
<testsuite hostname="Rohiths-HP-Pavilion" failures="0" tests="1" name="testCaseHomePage.SearchBoxFunctionalityTest" time="10.548" errors="0" timestamp="2021-05-23T19:35:39 IST" skipped="0">
  <testcase classname="testCaseHomePage.SearchBoxFunctionalityTest" name="searchBoxTest" time="10.548"/>
  <system-out/>
</testsuite> <!-- testCaseHomePage.SearchBoxFunctionalityTest -->
